<?xml version="1.0" encoding="UTF-8" ?>
<testsuite errors="1" failures="0" hostname="PRG-PRIYANKAY" name="com.sedc.example1.MainActivityTest" tests="1" time="0.0" timestamp="2014-06-25T20:39:23">
  <properties>
    <property name="java.vendor" value="Oracle Corporation" />
    <property name="sun.java.launcher" value="SUN_STANDARD" />
    <property name="env.WIX" value="C:\Program Files (x86)\WiX Toolset v3.8\" />
    <property name="sun.management.compiler" value="HotSpot 64-Bit Tiered Compilers" />
    <property name="env.PROMPT" value="$P$G" />
    <property name="os.name" value="Windows 7" />
    <property name="env.FP_NO_HOST_CHECK" value="NO" />
    <property name="sun.boot.class.path" value="C:\Program Files\Java\jdk1.7.0_60\jre\lib\resources.jar;C:\Program Files\Java\jdk1.7.0_60\jre\lib\rt.jar;C:\Program Files\Java\jdk1.7.0_60\jre\lib\sunrsasign.jar;C:\Program Files\Java\jdk1.7.0_60\jre\lib\jsse.jar;C:\Program Files\Java\jdk1.7.0_60\jre\lib\jce.jar;C:\Program Files\Java\jdk1.7.0_60\jre\lib\charsets.jar;C:\Program Files\Java\jdk1.7.0_60\jre\lib\jfr.jar;C:\Program Files\Java\jdk1.7.0_60\jre\classes" />
    <property name="env.COMPUTERNAME" value="PRG-PRIYANKAY" />
    <property name="env.CommonProgramW6432" value="C:\Program Files\Common Files" />
    <property name="env.ALLUSERSPROFILE" value="C:\ProgramData" />
    <property name="sun.desktop" value="windows" />
    <property name="java.vm.specification.vendor" value="Oracle Corporation" />
    <property name="ant.home" value="C:\Users\priyankay\Downloads\adt-bundle-windows-x86_64-20140321\eclipse\plugins\org.apache.ant_1.8.4.v201303080030" />
    <property name="java.runtime.version" value="1.7.0_60-b19" />
    <property name="env.HOMEPATH" value="\Users\priyankay" />
    <property name="user.name" value="PriyankaY" />
    <property name="user.language" value="en" />
    <property name="env.windows_tracing_flags" value="3" />
    <property name="sun.boot.library.path" value="C:\Program Files\Java\jdk1.7.0_60\jre\bin" />
    <property name="ant.project.default-target" value="test" />
    <property name="ant.project.name" value="MainActivity" />
    <property name="java.version" value="1.7.0_60" />
    <property name="env.PROCESSOR_IDENTIFIER" value="Intel64 Family 6 Model 58 Stepping 9, GenuineIntel" />
    <property name="user.timezone" value="" />
    <property name="env.TEMP" value="C:\Users\PRIYAN~1\AppData\Local\Temp" />
    <property name="sun.arch.data.model" value="64" />
    <property name="java.endorsed.dirs" value="C:\Program Files\Java\jdk1.7.0_60\jre\lib\endorsed" />
    <property name="sun.cpu.isalist" value="amd64" />
    <property name="env.HOMEDRIVE" value="C:" />
    <property name="sun.jnu.encoding" value="Cp1252" />
    <property name="file.encoding.pkg" value="sun.io" />
    <property name="file.separator" value="\" />
    <property name="java.specification.name" value="Java Platform API Specification" />
    <property name="java.class.version" value="51.0" />
    <property name="user.country" value="US" />
    <property name="sdk.dir" value="C:\Users\priyankay\Downloads\adt-bundle-windows-x86_64-20140321\sdk" />
    <property name="java.home" value="C:\Program Files\Java\jdk1.7.0_60\jre" />
    <property name="env.PSModulePath" value="C:\Windows\system32\WindowsPowerShell\v1.0\Modules\" />
    <property name="env.APPDATA" value="C:\Users\priyankay\AppData\Roaming" />
    <property name="env.PUBLIC" value="C:\Users\Public" />
    <property name="env.windows_tracing_logfile" value="C:\BVTBin\Tests\installpackage\csilogfile.log" />
    <property name="java.vm.info" value="mixed mode" />
    <property name="env.ComSpec" value="C:\Windows\system32\cmd.exe" />
    <property name="env.OS" value="Windows_NT" />
    <property name="env.CommonProgramFiles" value="C:\Program Files\Common Files" />
    <property name="ant.file" value="C:\Users\priyankay\workspace\Example1\build.xml" />
    <property name="os.version" value="6.1" />
    <property name="env.ProgramW6432" value="C:\Program Files" />
    <property name="env.AMDAPPSDKROOT" value="C:\Program Files (x86)\AMD APP\" />
    <property name="path.separator" value=";" />
    <property name="ant.file.MainActivity" value="C:\Users\priyankay\workspace\Example1\build.xml" />
    <property name="java.vm.version" value="24.60-b09" />
    <property name="user.variant" value="" />
    <property name="env.USERPROFILE" value="C:\Users\priyankay" />
    <property name="ant.file.type.MainActivity" value="file" />
    <property name="ant.library.dir" value="C:\Users\priyankay\Downloads\adt-bundle-windows-x86_64-20140321\eclipse\plugins\org.apache.ant_1.8.4.v201303080030\lib" />
    <property name="env.JAVA_HOME" value="C:\Program Files\Java\jdk1.7.0_60" />
    <property name="java.awt.printerjob" value="sun.awt.windows.WPrinterJob" />
    <property name="env.TMP" value="C:\Users\PRIYAN~1\AppData\Local\Temp" />
    <property name="sun.io.unicode.encoding" value="UnicodeLittle" />
    <property name="android.library.reference.1" value="../appcompat_v7_2" />
    <property name="awt.toolkit" value="sun.awt.windows.WToolkit" />
    <property name="user.script" value="" />
    <property name="user.home" value="C:\Users\priyankay" />
    <property name="target" value="android-19" />
    <property name="env.ProgramData" value="C:\ProgramData" />
    <property name="env.SESSIONNAME" value="Console" />
    <property name="env.ProgramFiles(x86)" value="C:\Program Files (x86)" />
    <property name="java.specification.vendor" value="Oracle Corporation" />
    <property name="java.vendor.url" value="http://java.oracle.com/" />
    <property name="java.library.path" value="C:\Windows\system32;C:\Windows\Sun\Java\bin;C:\Windows\system32;C:\Windows;C:\Program Files (x86)\AMD APP\bin\x86_64;C:\Program Files (x86)\AMD APP\bin\x86;C:\Program Files\Common Files\Microsoft Shared\Windows Live;C:\Program Files (x86)\Common Files\Microsoft Shared\Windows Live;C:\Windows\system32;C:\Windows;C:\Windows\System32\Wbem;C:\Windows\System32\WindowsPowerShell\v1.0\;C:\Program Files (x86)\Security Innovation\SI TSS\bin\;C:\Program Files (x86)\Windows Live\Shared;C:\Program Files (x86)\ATI Technologies\ATI.ACE\Core-Static;c:\Program Files (x86)\Microsoft SQL Server\100\Tools\Binn\;c:\Program Files\Microsoft SQL Server\100\Tools\Binn\;c:\Program Files\Microsoft SQL Server\100\DTS\Binn\;C:\Program Files\Microsoft\Web Platform Installer\;C:\Program Files (x86)\Windows Kits\8.1\Windows Performance Toolkit\;C:\Program Files\Microsoft SQL Server\110\Tools\Binn\;c:\Program Files (x86)\Microsoft SQL Server\90\Tools\binn\;C:\Program Files\Java\jdk1.7.0_60\bin;C:\Program Files\apache-maven-3.2.1\bin;C:\Program Files\apache-ant-1.9.4\bin;C:\Users\priyankay\Downloads\adt-bundle-windows-x86_64-20140321\sdk\tools;;.;C:\Users\priyankay\Downloads\adt-bundle-windows-x86_64-20140321\eclipse\configuration\org.eclipse.osgi\bundles\231\1\.cp" />
    <property name="env.NUMBER_OF_PROCESSORS" value="8" />
    <property name="env.USERDNSDOMAIN" value="SEDC.SEDATA.COM" />
    <property name="java.vm.vendor" value="Oracle Corporation" />
    <property name="java.runtime.name" value="Java(TM) SE Runtime Environment" />
    <property name="ant.version" value="Apache Ant(TM) version 1.8.4 compiled on May 22 2012" />
    <property name="sun.java.command" value="org.eclipse.ant.internal.launching.remote.InternalAntRunner -Dorg.eclipse.ant.core.ANT_PROCESS_ID=1403728762869 -Declipse.connect.port=49697 -Dant.home=C:\Users\priyankay\Downloads\adt-bundle-windows-x86_64-20140321\eclipse\plugins\org.apache.ant_1.8.4.v201303080030 -logger org.eclipse.ant.internal.launching.remote.logger.RemoteAntBuildLogger -inputhandler org.eclipse.ant.internal.ui.antsupport.inputhandler.ProxyInputHandler -buildfile C:\Users\priyankay\workspace\Example1\build.xml" />
    <property name="java.class.path" value="C:\Users\priyankay\Downloads\adt-bundle-windows-x86_64-20140321\eclipse\plugins\org.apache.ant_1.8.4.v201303080030\lib\ant-antlr.jar;C:\Users\priyankay\Downloads\adt-bundle-windows-x86_64-20140321\eclipse\plugins\org.apache.ant_1.8.4.v201303080030\lib\ant-apache-bcel.jar;C:\Users\priyankay\Downloads\adt-bundle-windows-x86_64-20140321\eclipse\plugins\org.apache.ant_1.8.4.v201303080030\lib\ant-apache-bsf.jar;C:\Users\priyankay\Downloads\adt-bundle-windows-x86_64-20140321\eclipse\plugins\org.apache.ant_1.8.4.v201303080030\lib\ant-apache-log4j.jar;C:\Users\priyankay\Downloads\adt-bundle-windows-x86_64-20140321\eclipse\plugins\org.apache.ant_1.8.4.v201303080030\lib\ant-apache-oro.jar;C:\Users\priyankay\Downloads\adt-bundle-windows-x86_64-20140321\eclipse\plugins\org.apache.ant_1.8.4.v201303080030\lib\ant-apache-regexp.jar;C:\Users\priyankay\Downloads\adt-bundle-windows-x86_64-20140321\eclipse\plugins\org.apache.ant_1.8.4.v201303080030\lib\ant-apache-resolver.jar;C:\Users\priyankay\Downloads\adt-bundle-windows-x86_64-20140321\eclipse\plugins\org.apache.ant_1.8.4.v201303080030\lib\ant-apache-xalan2.jar;C:\Users\priyankay\Downloads\adt-bundle-windows-x86_64-20140321\eclipse\plugins\org.apache.ant_1.8.4.v201303080030\lib\ant-commons-logging.jar;C:\Users\priyankay\Downloads\adt-bundle-windows-x86_64-20140321\eclipse\plugins\org.apache.ant_1.8.4.v201303080030\lib\ant-commons-net.jar;C:\Users\priyankay\Downloads\adt-bundle-windows-x86_64-20140321\eclipse\plugins\org.apache.ant_1.8.4.v201303080030\lib\ant-jai.jar;C:\Users\priyankay\Downloads\adt-bundle-windows-x86_64-20140321\eclipse\plugins\org.apache.ant_1.8.4.v201303080030\lib\ant-javamail.jar;C:\Users\priyankay\Downloads\adt-bundle-windows-x86_64-20140321\eclipse\plugins\org.apache.ant_1.8.4.v201303080030\lib\ant-jdepend.jar;C:\Users\priyankay\Downloads\adt-bundle-windows-x86_64-20140321\eclipse\plugins\org.apache.ant_1.8.4.v201303080030\lib\ant-jmf.jar;C:\Users\priyankay\Downloads\adt-bundle-windows-x86_64-20140321\eclipse\plugins\org.apache.ant_1.8.4.v201303080030\lib\ant-jsch.jar;C:\Users\priyankay\Downloads\adt-bundle-windows-x86_64-20140321\eclipse\plugins\org.apache.ant_1.8.4.v201303080030\lib\ant-junit.jar;C:\Users\priyankay\Downloads\adt-bundle-windows-x86_64-20140321\eclipse\plugins\org.apache.ant_1.8.4.v201303080030\lib\ant-junit4.jar;C:\Users\priyankay\Downloads\adt-bundle-windows-x86_64-20140321\eclipse\plugins\org.apache.ant_1.8.4.v201303080030\lib\ant-launcher.jar;C:\Users\priyankay\Downloads\adt-bundle-windows-x86_64-20140321\eclipse\plugins\org.apache.ant_1.8.4.v201303080030\lib\ant-netrexx.jar;C:\Users\priyankay\Downloads\adt-bundle-windows-x86_64-20140321\eclipse\plugins\org.apache.ant_1.8.4.v201303080030\lib\ant-swing.jar;C:\Users\priyankay\Downloads\adt-bundle-windows-x86_64-20140321\eclipse\plugins\org.apache.ant_1.8.4.v201303080030\lib\ant-testutil.jar;C:\Users\priyankay\Downloads\adt-bundle-windows-x86_64-20140321\eclipse\plugins\org.apache.ant_1.8.4.v201303080030\lib\ant.jar;C:\Users\priyankay\Downloads\adt-bundle-windows-x86_64-20140321\eclipse\configuration\org.eclipse.osgi\bundles\304\1\.cp\lib\antdebug.jar;C:\Users\priyankay\Downloads\adt-bundle-windows-x86_64-20140321\eclipse\configuration\org.eclipse.osgi\bundles\304\1\.cp\lib\remote.jar;C:\Users\priyankay\Downloads\adt-bundle-windows-x86_64-20140321\eclipse\configuration\org.eclipse.osgi\bundles\305\1\.cp\lib\remoteAnt.jar;C:\Program Files\Java\jdk1.7.0_60\lib\tools.jar;C:\Users\priyankay\Downloads\adt-bundle-windows-x86_64-20140321\eclipse\plugins\org.eclipse.swt.win32.win32.x86_64_3.102.1.v20130827-2048.jar" />
    <property name="java.vm.specification.name" value="Java Virtual Machine Specification" />
    <property name="env.windir" value="C:\Windows" />
    <property name="env.LOGONSERVER" value="\\HYPERION" />
    <property name="java.vm.specification.version" value="1.7" />
    <property name="env.PROCESSOR_ARCHITECTURE" value="AMD64" />
    <property name="sun.os.patch.level" value="Service Pack 1" />
    <property name="sun.cpu.endian" value="little" />
    <property name="env.ANT_HOME" value="C:\Users\priyankay\Downloads\adt-bundle-windows-x86_64-20140321\eclipse\plugins\org.apache.ant_1.8.4.v201303080030" />
    <property name="env.ProgramFiles" value="C:\Program Files" />
    <property name="java.io.tmpdir" value="C:\Users\PRIYAN~1\AppData\Local\Temp\" />
    <property name="env.PROCESSOR_REVISION" value="3a09" />
    <property name="env.CommonProgramFiles(x86)" value="C:\Program Files (x86)\Common Files" />
    <property name="env.VS120COMNTOOLS" value="C:\Program Files (x86)\Microsoft Visual Studio 12.0\Common7\Tools\" />
    <property name="java.vendor.url.bug" value="http://bugreport.sun.com/bugreport/" />
    <property name="env.SystemRoot" value="C:\Windows" />
    <property name="java.awt.graphicsenv" value="sun.awt.Win32GraphicsEnvironment" />
    <property name="os.arch" value="amd64" />
    <property name="java.ext.dirs" value="C:\Program Files\Java\jdk1.7.0_60\jre\lib\ext;C:\Windows\Sun\Java\lib\ext" />
    <property name="env.LOCALAPPDATA" value="C:\Users\priyankay\AppData\Local" />
    <property name="env.MAVEN_HOME" value="C:\Program Files\apache-maven-3.2.1" />
    <property name="user.dir" value="C:\Users\priyankay\workspace\Example1" />
    <property name="line.separator" value="&#xd;&#xa;" />
    <property name="java.vm.name" value="Java HotSpot(TM) 64-Bit Server VM" />
    <property name="env.PATHEXT" value=".COM;.EXE;.BAT;.CMD;.VBS;.VBE;.JS;.JSE;.WSF;.WSH;.MSC" />
    <property name="env.Path" value="C:\Program Files (x86)\AMD APP\bin\x86_64;C:\Program Files (x86)\AMD APP\bin\x86;C:\Program Files\Common Files\Microsoft Shared\Windows Live;C:\Program Files (x86)\Common Files\Microsoft Shared\Windows Live;C:\Windows\system32;C:\Windows;C:\Windows\System32\Wbem;C:\Windows\System32\WindowsPowerShell\v1.0\;C:\Program Files (x86)\Security Innovation\SI TSS\bin\;C:\Program Files (x86)\Windows Live\Shared;C:\Program Files (x86)\ATI Technologies\ATI.ACE\Core-Static;c:\Program Files (x86)\Microsoft SQL Server\100\Tools\Binn\;c:\Program Files\Microsoft SQL Server\100\Tools\Binn\;c:\Program Files\Microsoft SQL Server\100\DTS\Binn\;C:\Program Files\Microsoft\Web Platform Installer\;C:\Program Files (x86)\Windows Kits\8.1\Windows Performance Toolkit\;C:\Program Files\Microsoft SQL Server\110\Tools\Binn\;c:\Program Files (x86)\Microsoft SQL Server\90\Tools\binn\;C:\Program Files\Java\jdk1.7.0_60\bin;C:\Program Files\apache-maven-3.2.1\bin;C:\Program Files\apache-ant-1.9.4\bin;C:\Users\priyankay\Downloads\adt-bundle-windows-x86_64-20140321\sdk\tools;" />
    <property name="env.TEAMCITY_DATA_PATH" value="C:\ProgramData\JetBrains\TeamCity" />
    <property name="basedir" value="C:\Users\priyankay\workspace\Example1" />
    <property name="ant.java.version" value="1.7" />
    <property name="ant.core.lib" value="C:\Users\priyankay\Downloads\adt-bundle-windows-x86_64-20140321\eclipse\plugins\org.apache.ant_1.8.4.v201303080030\lib\ant.jar" />
    <property name="env.USERNAME" value="PriyankaY" />
    <property name="env.SystemDrive" value="C:" />
    <property name="file.encoding" value="UTF-8" />
    <property name="env.VS100COMNTOOLS" value="C:\Program Files (x86)\Microsoft Visual Studio 10.0\Common7\Tools\" />
    <property name="env.USERDOMAIN" value="SEDC" />
    <property name="java.specification.version" value="1.7" />
    <property name="ant.project.invoked-targets" value="test" />
    <property name="env.PROCESSOR_LEVEL" value="6" />
  </properties>
  <error message="com.sedc.example1.MainActivityTest" type="java.lang.ClassNotFoundException">java.lang.ClassNotFoundException: com.sedc.example1.MainActivityTest
	at java.lang.ClassLoader.loadClass(ClassLoader.java:358)
	at java.lang.Class.forName0(Native Method)
	at java.lang.Class.forName(Class.java:270)
	at org.eclipse.ant.internal.launching.remote.EclipseDefaultExecutor.executeTargets(EclipseDefaultExecutor.java:32)
	at org.eclipse.ant.internal.launching.remote.InternalAntRunner.run(InternalAntRunner.java:424)
	at org.eclipse.ant.internal.launching.remote.InternalAntRunner.main(InternalAntRunner.java:138)
</error>
  <system-out><![CDATA[]]></system-out>
  <system-err><![CDATA[]]></system-err>
</testsuite>
